[2025-01-12 09:10:15] Classified: 'Harnssing th Powr of Information Visualization ...' → DDC: 020.285
[2025-01-12 09:11:41] Classified: 'Sarcasm is a common rhetorical metaphor in social ...' → DDC: 006.35
[2025-01-12 09:13:50] Classified: 'Hindi novel published in 1950...' → DDC: 891.433
[2025-01-12 09:14:37] Classified: 'Hindi novel published in 2050...' → DDC: 891.433
[2025-01-12 09:15:43] Classified: 'Aspect Sentiment Triplet Extraction (ASTE) is a su...' → DDC: 006.3
[2025-01-12 09:16:32] Classified: 'By developing a new ontological argument for the e...' → DDC: 210
[2025-01-12 09:19:25] Classified: 'By developing a new ontological argument for the e...' → DDC: 212
[2025-01-12 09:20:00] Classified: 'Metaphysics...' → DDC: 110
[2025-01-12 09:20:12] Classified: 'Metaphysics in Hindi...' → DDC: 110
[2025-01-12 09:20:35] Classified: 'Gujarati Novels...' → DDC: 891.473
[2025-01-12 09:20:58] Classified: 'Gujarati Poems...' → DDC: 891.471
[2025-01-12 09:23:07] Classified: 'Aspect Sentiment Triplet Extraction (ASTE) is a su...' → DDC: 006.3
[2025-01-12 09:28:04] Classified: 'By developing a new ontological argument for the e...' → DDC: 212
[2025-01-12 09:33:23] Classified: 'You are a library classification expert. Analyze t...' → DDC: 020
[2025-01-12 09:33:33] Classified: 'Python...' → DDC: 005.133
[2025-01-12 09:33:46] Classified: 'Web Development...' → DDC: 006.7
[2025-01-12 09:36:17] Classified: 'Information and Library Network...' → DDC: 020
[2025-01-12 09:37:04] Classified: 'There is an urgent need to improve the infrastruct...' → DDC: 001.42
[2025-01-12 09:41:01] Classified: 'This study aims to explore the impact of digital m...' → DDC: 658.8
[2025-01-12 09:45:51] Classified: 'Research Methodology...' → DDC: 001.42
[2025-01-12 09:54:23] Classified: 'This study aims to explore the impact of digital m...' → DDC: 658.8
